<?xml version="1.0" encoding="UTF-8"?>
<!-- Generated by org.testng.reporters.JUnitXMLReporter -->
<testsuite ignored="10" hostname="Fadi-Abuaita" failures="2" tests="10" name="Default test" time="70.973" errors="0" timestamp="2026-06-02T00:38:54 IDT">
  <testcase classname="g2_group.odoo.ProjectTaskTest" name="executeTaskTests" time="8.282"/>
  <testcase classname="g2_group.odoo.ProjectTaskTest" name="executeTaskTests" time="5.901"/>
  <testcase classname="g2_group.odoo.ProjectTaskTest" name="executeTaskTests" time="10.173"/>
  <testcase classname="g2_group.odoo.ProjectTaskTest" name="executeTaskTests" time="1.294">
    <failure type="java.lang.AssertionError" message="Error message mismatch in scenario 4! expected [true] but found [false]">
      <![CDATA[java.lang.AssertionError: Error message mismatch in scenario 4! expected [true] but found [false]
at org.testng.Assert.fail(Assert.java:111)
at org.testng.Assert.failNotEquals(Assert.java:1590)
at org.testng.Assert.assertTrue(Assert.java:57)
at g2_group.odoo.ProjectTaskTest.executeTaskTests(ProjectTaskTest.java:89)
at java.base/jdk.internal.reflect.DirectMethodHandleAccessor.invoke(DirectMethodHandleAccessor.java:103)
at java.base/java.lang.reflect.Method.invoke(Method.java:580)
at org.testng.internal.invokers.MethodInvocationHelper.invokeMethod(MethodInvocationHelper.java:141)
at org.testng.internal.invokers.TestInvoker.invokeMethod(TestInvoker.java:687)
at org.testng.internal.invokers.TestInvoker.invokeTestMethod(TestInvoker.java:230)
at org.testng.internal.invokers.MethodRunner.runInSequence(MethodRunner.java:63)
at org.testng.internal.invokers.TestInvoker$MethodInvocationAgent.invoke(TestInvoker.java:995)
at org.testng.internal.invokers.TestInvoker.invokeTestMethods(TestInvoker.java:203)
at org.testng.internal.invokers.TestMethodWorker.invokeTestMethods(TestMethodWorker.java:154)
at org.testng.internal.invokers.TestMethodWorker.run(TestMethodWorker.java:134)
at java.base/java.util.ArrayList.forEach(ArrayList.java:1596)
at org.testng.TestRunner.privateRun(TestRunner.java:741)
at org.testng.TestRunner.run(TestRunner.java:616)
at org.testng.SuiteRunner.runTest(SuiteRunner.java:421)
at org.testng.SuiteRunner.runSequentially(SuiteRunner.java:413)
at org.testng.SuiteRunner.privateRun(SuiteRunner.java:373)
at org.testng.SuiteRunner.run(SuiteRunner.java:312)
at org.testng.SuiteRunnerWorker.runSuite(SuiteRunnerWorker.java:52)
at org.testng.SuiteRunnerWorker.run(SuiteRunnerWorker.java:95)
at org.testng.TestNG.runSuitesSequentially(TestNG.java:1274)
at org.testng.TestNG.runSuitesLocally(TestNG.java:1208)
at org.testng.TestNG.runSuites(TestNG.java:1112)
at org.testng.TestNG.run(TestNG.java:1079)
at org.testng.remote.AbstractRemoteTestNG.run(AbstractRemoteTestNG.java:115)
at org.testng.remote.RemoteTestNG.initAndRun(RemoteTestNG.java:293)
at org.testng.remote.RemoteTestNG.main(RemoteTestNG.java:91)
]]>
    </failure>
  </testcase> <!-- executeTaskTests -->
  <testcase classname="g2_group.odoo.ProjectTaskTest" name="executeTaskTests" time="4.368"/>
  <testcase classname="g2_group.odoo.ProjectTaskTest" name="executeTaskTests" time="1.667"/>
  <testcase classname="g2_group.odoo.ProjectTaskTest" name="executeTaskTests" time="5.968"/>
  <testcase classname="g2_group.odoo.ProjectTaskTest" name="executeTaskTests" time="11.634">
    <failure type="org.openqa.selenium.TimeoutException" message="Expected condition failed: waiting for visibility of element located by By.xpath: //span[contains(text(), &amp;apos;InvalidDate&amp;apos;)] (tried for 10 second(s) with 500 milliseconds interval)
Build info: version: &amp;apos;4.39.0&amp;apos;, revision: &amp;apos;126f156aee&amp;apos;
System info: os.name: &amp;apos;Windows 10&amp;apos;, os.arch: &amp;apos;amd64&amp;apos;, os.version: &amp;apos;10.0&amp;apos;, java.version: &amp;apos;21.0.10&amp;apos;
Driver info: org.openqa.selenium.chrome.ChromeDriver
Capabilities {acceptInsecureCerts: false, browserName: chrome, browserVersion: 148.0.7778.179, chrome: {chromedriverVersion: 148.0.7778.178 (d096af1c9e9..., userDataDir: C:\Users\Mega\AppData\Local...}, fedcm:accounts: true, goog:chromeOptions: {debuggerAddress: localhost:59498}, goog:processID: 3148, networkConnectionEnabled: false, pageLoadStrategy: normal, platformName: windows, proxy: Proxy(), se:cdp: ws://localhost:59498/devtoo..., se:cdpVersion: 148.0.7778.179, setWindowRect: true, strictFileInteractability: false, timeouts: {implicit: 0, pageLoad: 300000, script: 30000}, unhandledPromptBehavior: dismiss and notify, webauthn:extension:credBlob: true, webauthn:extension:largeBlob: true, webauthn:extension:minPinLength: true, webauthn:extension:prf: true, webauthn:virtualAuthenticators: true}
Session ID: a26f65fd8f7c534837053ad1efb5376b">
      <![CDATA[org.openqa.selenium.TimeoutException: Expected condition failed: waiting for visibility of element located by By.xpath: //span[contains(text(), 'InvalidDate')] (tried for 10 second(s) with 500 milliseconds interval)
Build info: version: '4.39.0', revision: '126f156aee'
System info: os.name: 'Windows 10', os.arch: 'amd64', os.version: '10.0', java.version: '21.0.10'
Driver info: org.openqa.selenium.chrome.ChromeDriver
Capabilities {acceptInsecureCerts: false, browserName: chrome, browserVersion: 148.0.7778.179, chrome: {chromedriverVersion: 148.0.7778.178 (d096af1c9e9..., userDataDir: C:\Users\Mega\AppData\Local...}, fedcm:accounts: true, goog:chromeOptions: {debuggerAddress: localhost:59498}, goog:processID: 3148, networkConnectionEnabled: false, pageLoadStrategy: normal, platformName: windows, proxy: Proxy(), se:cdp: ws://localhost:59498/devtoo..., se:cdpVersion: 148.0.7778.179, setWindowRect: true, strictFileInteractability: false, timeouts: {implicit: 0, pageLoad: 300000, script: 30000}, unhandledPromptBehavior: dismiss and notify, webauthn:extension:credBlob: true, webauthn:extension:largeBlob: true, webauthn:extension:minPinLength: true, webauthn:extension:prf: true, webauthn:virtualAuthenticators: true}
Session ID: a26f65fd8f7c534837053ad1efb5376b
at org.openqa.selenium.support.ui.WebDriverWait.timeoutException(WebDriverWait.java:84)
at org.openqa.selenium.support.ui.FluentWait.until(FluentWait.java:228)
at g2_group.odoo.ProjectTaskPage.createTask(ProjectTaskPage.java:69)
at g2_group.odoo.ProjectTaskTest.executeTaskTests(ProjectTaskTest.java:83)
at java.base/jdk.internal.reflect.DirectMethodHandleAccessor.invoke(DirectMethodHandleAccessor.java:103)
at java.base/java.lang.reflect.Method.invoke(Method.java:580)
at org.testng.internal.invokers.MethodInvocationHelper.invokeMethod(MethodInvocationHelper.java:141)
at org.testng.internal.invokers.TestInvoker.invokeMethod(TestInvoker.java:687)
at org.testng.internal.invokers.TestInvoker.invokeTestMethod(TestInvoker.java:230)
at org.testng.internal.invokers.MethodRunner.runInSequence(MethodRunner.java:63)
at org.testng.internal.invokers.TestInvoker$MethodInvocationAgent.invoke(TestInvoker.java:995)
at org.testng.internal.invokers.TestInvoker.invokeTestMethods(TestInvoker.java:203)
at org.testng.internal.invokers.TestMethodWorker.invokeTestMethods(TestMethodWorker.java:154)
at org.testng.internal.invokers.TestMethodWorker.run(TestMethodWorker.java:134)
at java.base/java.util.ArrayList.forEach(ArrayList.java:1596)
at org.testng.TestRunner.privateRun(TestRunner.java:741)
at org.testng.TestRunner.run(TestRunner.java:616)
at org.testng.SuiteRunner.runTest(SuiteRunner.java:421)
at org.testng.SuiteRunner.runSequentially(SuiteRunner.java:413)
at org.testng.SuiteRunner.privateRun(SuiteRunner.java:373)
at org.testng.SuiteRunner.run(SuiteRunner.java:312)
at org.testng.SuiteRunnerWorker.runSuite(SuiteRunnerWorker.java:52)
at org.testng.SuiteRunnerWorker.run(SuiteRunnerWorker.java:95)
at org.testng.TestNG.runSuitesSequentially(TestNG.java:1274)
at org.testng.TestNG.runSuitesLocally(TestNG.java:1208)
at org.testng.TestNG.runSuites(TestNG.java:1112)
at org.testng.TestNG.run(TestNG.java:1079)
at org.testng.remote.AbstractRemoteTestNG.run(AbstractRemoteTestNG.java:115)
at org.testng.remote.RemoteTestNG.initAndRun(RemoteTestNG.java:293)
at org.testng.remote.RemoteTestNG.main(RemoteTestNG.java:91)
]]>
    </failure>
  </testcase> <!-- executeTaskTests -->
  <testcase classname="g2_group.odoo.ProjectTaskTest" name="executeTaskTests" time="4.379"/>
  <testcase classname="g2_group.odoo.ProjectTaskTest" name="executeTaskTests" time="4.23"/>
  <testcase classname="g2_group.odoo.ProjectTaskTest" name="CreateTask1" time="0.0">
    <ignored/>
  </testcase> <!-- CreateTask1 -->
  <testcase classname="g2_group.odoo.ProjectTaskTest" name="CreateTask10" time="0.0">
    <ignored/>
  </testcase> <!-- CreateTask10 -->
  <testcase classname="g2_group.odoo.ProjectTaskTest" name="CreateTask4" time="0.0">
    <ignored/>
  </testcase> <!-- CreateTask4 -->
  <testcase classname="g2_group.odoo.ProjectTaskTest" name="CreateTask3" time="0.0">
    <ignored/>
  </testcase> <!-- CreateTask3 -->
  <testcase classname="g2_group.odoo.ProjectTaskTest" name="CreateTask5" time="0.0">
    <ignored/>
  </testcase> <!-- CreateTask5 -->
  <testcase classname="g2_group.odoo.ProjectTaskTest" name="CreateTask8" time="0.0">
    <ignored/>
  </testcase> <!-- CreateTask8 -->
  <testcase classname="g2_group.odoo.ProjectTaskTest" name="CreateTaskWithWhitespaceTitle" time="0.0">
    <ignored/>
  </testcase> <!-- CreateTaskWithWhitespaceTitle -->
  <testcase classname="g2_group.odoo.ProjectTaskTest" name="CreateTask7" time="0.0">
    <ignored/>
  </testcase> <!-- CreateTask7 -->
  <testcase classname="g2_group.odoo.ProjectTaskTest" name="CreateTask2" time="0.0">
    <ignored/>
  </testcase> <!-- CreateTask2 -->
  <testcase classname="g2_group.odoo.ProjectTaskTest" name="CreateTask9" time="0.0">
    <ignored/>
  </testcase> <!-- CreateTask9 -->
</testsuite> <!-- Default test -->
