<?xml version="1.0" encoding="UTF-8"?>
<testng-results ignored="8" total="9" passed="1" failed="0" skipped="0">
  <reporter-output>
  </reporter-output>
  <suite started-at="٢٠٢٦-٠٦-٠١T١١:٥٥:١٦ IDT" name="Default suite" finished-at="٢٠٢٦-٠٦-٠١T١١:٥٥:٢٦ IDT" duration-ms="9557">
    <groups>
    </groups>
    <test started-at="٢٠٢٦-٠٦-٠١T١١:٥٥:١٦ IDT" name="Default test" finished-at="٢٠٢٦-٠٦-٠١T١١:٥٥:٢٦ IDT" duration-ms="9557">
      <class name="g2_group.odoo.Workflow_LoginTest">
        <test-method is-config="true" signature="setUp()[pri:0, instance:g2_group.odoo.Workflow_LoginTest@36ebc363]" started-at="٢٠٢٦-٠٦-٠١T١١:٥٥:١٧ IDT" name="setUp" finished-at="٢٠٢٦-٠٦-٠١T١١:٥٥:٢١ IDT" duration-ms="4425" status="PASS">
          <reporter-output>
          </reporter-output>
        </test-method> <!-- setUp -->
        <test-method signature="TC_LG_08_LoginWithSQLInjectionPayload()[pri:8, instance:g2_group.odoo.Workflow_LoginTest@36ebc363]" started-at="٢٠٢٦-٠٦-٠١T١١:٥٥:٢١ IDT" name="TC_LG_08_LoginWithSQLInjectionPayload" finished-at="٢٠٢٦-٠٦-٠١T١١:٥٥:٢٦ IDT" duration-ms="4791" status="PASS">
          <reporter-output>
          </reporter-output>
        </test-method> <!-- TC_LG_08_LoginWithSQLInjectionPayload -->
        <test-method is-config="true" signature="tearDown()[pri:0, instance:g2_group.odoo.Workflow_LoginTest@36ebc363]" started-at="٢٠٢٦-٠٦-٠١T١١:٥٥:٢٦ IDT" name="tearDown" finished-at="٢٠٢٦-٠٦-٠١T١١:٥٥:٢٦ IDT" duration-ms="265" status="PASS">
          <reporter-output>
          </reporter-output>
        </test-method> <!-- tearDown -->
      </class> <!-- g2_group.odoo.Workflow_LoginTest -->
    </test> <!-- Default test -->
  </suite> <!-- Default suite -->
</testng-results>
