<?xml version="1.0" encoding="UTF-8"?>
<!-- Generated by org.testng.reporters.JUnitXMLReporter -->
<testsuite ignored="0" hostname="DESKTOP-FDIEA3C" failures="0" tests="13" name="AllTasksPage" time="58.4" errors="0" timestamp="2026-06-01T23:58:14 EEST">
  <testcase classname="g2_group.odoo.AllTasksPageTest" name="SearchingGroupingFiltering" time="1.344"/>
  <testcase classname="g2_group.odoo.AllTasksPageTest" name="searchingForTask" time="0.655"/>
  <testcase classname="g2_group.odoo.AllTasksPageTest" name="multipleFilters" time="1.096"/>
  <testcase classname="g2_group.odoo.AllTasksPageTest" name="multipleSearchTerms" time="0.824"/>
  <testcase classname="g2_group.odoo.AllTasksPageTest" name="multipleGrouping" time="2.609"/>
  <testcase classname="g2_group.odoo.AllTasksPageTest" name="saveSearchFave" time="1.866"/>
  <testcase classname="g2_group.odoo.AllTasksPageTest" name="searchingRandomLetter" time="0.636"/>
  <testcase classname="g2_group.odoo.AllTasksPageTest" name="filteringItemThatDoesNotExist" time="0.967"/>
  <testcase classname="g2_group.odoo.AllTasksPageTest" name="groupingEmptyResult" time="0.973"/>
  <testcase classname="g2_group.odoo.AllTasksPageTest" name="searchCaseInsensitive" time="0.659"/>
  <testcase classname="g2_group.odoo.AllTasksPageTest" name="handleExtraSpace" time="0.662"/>
  <testcase classname="g2_group.odoo.AllTasksPageTest" name="longSearchTaskName" time="13.767"/>
  <testcase classname="g2_group.odoo.AllTasksPageTest" name="simpleScriptInjection" time="10.906"/>
</testsuite> <!-- AllTasksPage -->
