<?xml version="1.0" encoding="UTF-8"?>
<!-- Generated by org.testng.reporters.JUnitXMLReporter -->
<testsuite ignored="0" hostname="DESKTOP-FDIEA3C" failures="0" tests="13" name="AllTasksPage" time="55.613" errors="0" timestamp="2026-06-01T20:26:32 EEST">
  <testcase classname="g2_group.odoo.AllTasksPageTest" name="SearchingGroupingFiltering" time="1.601"/>
  <testcase classname="g2_group.odoo.AllTasksPageTest" name="searchingForTask" time="0.648"/>
  <testcase classname="g2_group.odoo.AllTasksPageTest" name="multipleFilters" time="0.839"/>
  <testcase classname="g2_group.odoo.AllTasksPageTest" name="multipleSearchTerms" time="0.755"/>
  <testcase classname="g2_group.odoo.AllTasksPageTest" name="multipleGrouping" time="2.355"/>
  <testcase classname="g2_group.odoo.AllTasksPageTest" name="saveSearchFave" time="1.639"/>
  <testcase classname="g2_group.odoo.AllTasksPageTest" name="searchingRandomLetter" time="0.615"/>
  <testcase classname="g2_group.odoo.AllTasksPageTest" name="filteringItemThatDoesNotExist" time="0.867"/>
  <testcase classname="g2_group.odoo.AllTasksPageTest" name="groupingEmptyResult" time="0.828"/>
  <testcase classname="g2_group.odoo.AllTasksPageTest" name="searchCaseInsensitive" time="0.649"/>
  <testcase classname="g2_group.odoo.AllTasksPageTest" name="handleExtraSpace" time="0.651"/>
  <testcase classname="g2_group.odoo.AllTasksPageTest" name="longSearchTaskName" time="12.294"/>
  <testcase classname="g2_group.odoo.AllTasksPageTest" name="simpleScriptInjection" time="10.923"/>
</testsuite> <!-- AllTasksPage -->
