<?xml version="1.0" encoding="UTF-8"?>
<!-- Generated by org.testng.reporters.JUnitXMLReporter -->
<testsuite ignored="0" hostname="DESKTOP-FDIEA3C" failures="2" tests="45" name="OdooTests" time="391.492" errors="0" timestamp="2026-06-01T20:12:58 EEST">
  <testcase classname="g2_group.odoo.CreationandConfigurationproject" name="TC_WF1_01_ProjectCreationWithDynamicName" time="5.836"/>
  <testcase classname="g2_group.odoo.CreationandConfigurationproject" name="TC_WF1_02_ProjectCreationWithBlankNameField" time="5.759"/>
  <testcase classname="g2_group.odoo.CreationandConfigurationproject" name="TC_WF1_03_ProjectCreationWithMaximumCharacterLimit" time="5.928"/>
  <testcase classname="g2_group.odoo.CreationandConfigurationproject" name="TC_WF1_04_ProjectCreationWithSpecialCharactersAndSymbols" time="5.733"/>
  <testcase classname="g2_group.odoo.CreationandConfigurationproject" name="TC_WF1_05_ModifyProjectPrivacyToInvitedUsers" time="5.801"/>
  <testcase classname="g2_group.odoo.CreationandConfigurationproject" name="TC_WF1_06_ChangeAssignedProjectManager" time="5.829"/>
  <testcase classname="g2_group.odoo.CreationandConfigurationproject" name="TC_WF1_07_EnableTaskDependenciesFeatureInSettings" time="5.773"/>
  <testcase classname="g2_group.odoo.CreationandConfigurationproject" name="TC_WF1_08_AddClassificationTagsDuringConfiguration" time="5.763"/>
  <testcase classname="g2_group.odoo.CreationandConfigurationproject" name="TC_WF1_09_DiscardConfigurationChangesWithoutSaving" time="2.806"/>
  <testcase classname="g2_group.odoo.CreationandConfigurationproject" name="TC_WF1_10_SuccessfulProjectArchivingExecution" time="5.731"/>
  <testcase classname="g2_group.odoo.CreationandConfigurationproject" name="TC_WF1_11_VerifyArchivedRecordUnderSystemFilters" time="0.001"/>
  <testcase classname="g2_group.odoo.CreationandConfigurationproject" name="TC_WF1_12_SuccessfulProjectUnarchivingRestoration" time="0.003"/>
  <testcase classname="g2_group.odoo.CreationandConfigurationproject" name="TC_WF1_13_ProjectCleanupAndDeletionProcessing" time="0.0"/>
  <testcase classname="g2_group.odoo.ProjectTaskTest" name="CreateTask1" time="7.157"/>
  <testcase classname="g2_group.odoo.ProjectTaskTest" name="CreateTask2" time="5.351"/>
  <testcase classname="g2_group.odoo.ProjectTaskTest" name="CreateTask3" time="9.537"/>
  <testcase classname="g2_group.odoo.ProjectTaskTest" name="CreateTask4" time="1.245">
    <failure type="java.lang.AssertionError" message="expected [true] but found [false]">
      <![CDATA[java.lang.AssertionError: expected [true] but found [false]
at g2_group.odoo.ProjectTaskTest.CreateTask4(ProjectTaskTest.java:98)
at java.base/java.util.ArrayList.forEach(ArrayList.java:1596)
... Removed 29 stack frames]]>
    </failure>
  </testcase> <!-- CreateTask4 -->
  <testcase classname="g2_group.odoo.ProjectTaskTest" name="CreateTask5" time="4.736"/>
  <testcase classname="g2_group.odoo.ProjectTaskTest" name="CreateTaskWithWhitespaceTitle" time="1.284">
    <failure type="java.lang.AssertionError" message="expected [true] but found [false]">
      <![CDATA[java.lang.AssertionError: expected [true] but found [false]
at g2_group.odoo.ProjectTaskTest.CreateTaskWithWhitespaceTitle(ProjectTaskTest.java:125)
at java.base/java.util.ArrayList.forEach(ArrayList.java:1596)
... Removed 29 stack frames]]>
    </failure>
  </testcase> <!-- CreateTaskWithWhitespaceTitle -->
  <testcase classname="g2_group.odoo.ProjectTaskTest" name="CreateTask7" time="4.738"/>
  <testcase classname="g2_group.odoo.ProjectTaskTest" name="CreateTask8" time="5.334"/>
  <testcase classname="g2_group.odoo.ProjectTaskTest" name="CreateTask9" time="6.309"/>
  <testcase classname="g2_group.odoo.ProjectTaskTest" name="CreateTask10" time="4.031"/>
  <testcase classname="g2_group.odoo.Workflow_LoginTest" name="TC_LG_01_SuccessfulLogin" time="4.076"/>
  <testcase classname="g2_group.odoo.Workflow_LoginTest" name="TC_LG_02_LoginWithInvalidPassword" time="10.419"/>
  <testcase classname="g2_group.odoo.Workflow_LoginTest" name="TC_LG_03_LoginWithInvalidUsername" time="10.83"/>
  <testcase classname="g2_group.odoo.Workflow_LoginTest" name="TC_LG_04_LoginWithBlankFields" time="10.695"/>
  <testcase classname="g2_group.odoo.Workflow_LoginTest" name="TC_LG_05_LoginWithBlankPasswordOnly" time="10.489"/>
  <testcase classname="g2_group.odoo.Workflow_LoginTest" name="TC_LG_06_LoginWithCaseSensitivePassword" time="11.031"/>
  <testcase classname="g2_group.odoo.Workflow_LoginTest" name="TC_LG_07_LoginWithExtraWhitespaceInUsername" time="10.863"/>
  <testcase classname="g2_group.odoo.Workflow_LoginTest" name="TC_LG_08_LoginWithSQLInjectionPayload" time="10.838"/>
  <testcase classname="g2_group.odoo.Workflow_LoginTest" name="TC_LG_09_LoginWithMaximumCharacterBoundary" time="11.335"/>
  <testcase classname="g2_group.odoo.AllTasksPageTest" name="SearchingGroupingFiltering" time="1.298"/>
  <testcase classname="g2_group.odoo.AllTasksPageTest" name="searchingForTask" time="0.645"/>
  <testcase classname="g2_group.odoo.AllTasksPageTest" name="multipleFilters" time="1.297"/>
  <testcase classname="g2_group.odoo.AllTasksPageTest" name="multipleSearchTerms" time="0.774"/>
  <testcase classname="g2_group.odoo.AllTasksPageTest" name="multipleGrouping" time="2.326"/>
  <testcase classname="g2_group.odoo.AllTasksPageTest" name="saveSearchFave" time="1.787"/>
  <testcase classname="g2_group.odoo.AllTasksPageTest" name="searchingRandomLetter" time="0.659"/>
  <testcase classname="g2_group.odoo.AllTasksPageTest" name="filteringItemThatDoesNotExist" time="1.109"/>
  <testcase classname="g2_group.odoo.AllTasksPageTest" name="groupingEmptyResult" time="0.531"/>
  <testcase classname="g2_group.odoo.AllTasksPageTest" name="searchCaseInsensitive" time="0.722"/>
  <testcase classname="g2_group.odoo.AllTasksPageTest" name="handleExtraSpace" time="0.83"/>
  <testcase classname="g2_group.odoo.AllTasksPageTest" name="longSearchTaskName" time="24.143"/>
  <testcase classname="g2_group.odoo.AllTasksPageTest" name="simpleScriptInjection" time="11.199"/>
</testsuite> <!-- OdooTests -->
