<?xml version="1.0" encoding="UTF-8"?>
<!-- Generated by org.testng.reporters.JUnitXMLReporter -->
<testsuite ignored="0" hostname="DESKTOP-FDIEA3C" failures="0" tests="10" name="ProjectTask" time="58.309" errors="0" timestamp="2026-06-01T23:52:50 EEST">
  <testcase classname="g2_group.odoo.ProjectTaskTest" name="CreateTask1" time="6.709"/>
  <testcase classname="g2_group.odoo.ProjectTaskTest" name="CreateTask2" time="5.519"/>
  <testcase classname="g2_group.odoo.ProjectTaskTest" name="CreateTask3" time="9.714"/>
  <testcase classname="g2_group.odoo.ProjectTaskTest" name="CreateTask4" time="1.675"/>
  <testcase classname="g2_group.odoo.ProjectTaskTest" name="CreateTask5" time="4.947"/>
  <testcase classname="g2_group.odoo.ProjectTaskTest" name="CreateTaskWithWhitespaceTitle" time="1.721"/>
  <testcase classname="g2_group.odoo.ProjectTaskTest" name="CreateTask7" time="4.887"/>
  <testcase classname="g2_group.odoo.ProjectTaskTest" name="CreateTask8" time="5.4"/>
  <testcase classname="g2_group.odoo.ProjectTaskTest" name="CreateTask9" time="5.483"/>
  <testcase classname="g2_group.odoo.ProjectTaskTest" name="CreateTask10" time="4.164"/>
</testsuite> <!-- ProjectTask -->
