<?xml version="1.0" encoding="UTF-8"?>
<!-- Generated by org.testng.reporters.JUnitXMLReporter -->
<testsuite ignored="0" hostname="DESKTOP-FDIEA3C" failures="0" tests="13" name="ProjectCreationAndConfiguration" time="167.417" errors="0" timestamp="2026-06-01T23:55:38 EEST">
  <testcase classname="g2_group.odoo.CreationandConfigurationproject" name="TC_WF1_01_ProjectCreationWithDynamicName" time="5.93"/>
  <testcase classname="g2_group.odoo.CreationandConfigurationproject" name="TC_WF1_02_ProjectCreationWithBlankNameField" time="5.867"/>
  <testcase classname="g2_group.odoo.CreationandConfigurationproject" name="TC_WF1_03_ProjectCreationWithMaximumCharacterLimit" time="5.955"/>
  <testcase classname="g2_group.odoo.CreationandConfigurationproject" name="TC_WF1_04_ProjectCreationWithSpecialCharactersAndSymbols" time="5.775"/>
  <testcase classname="g2_group.odoo.CreationandConfigurationproject" name="TC_WF1_05_ModifyProjectPrivacyToInvitedUsers" time="5.738"/>
  <testcase classname="g2_group.odoo.CreationandConfigurationproject" name="TC_WF1_06_ChangeAssignedProjectManager" time="5.73"/>
  <testcase classname="g2_group.odoo.CreationandConfigurationproject" name="TC_WF1_07_EnableTaskDependenciesFeatureInSettings" time="5.744"/>
  <testcase classname="g2_group.odoo.CreationandConfigurationproject" name="TC_WF1_08_AddClassificationTagsDuringConfiguration" time="5.75"/>
  <testcase classname="g2_group.odoo.CreationandConfigurationproject" name="TC_WF1_09_DiscardConfigurationChangesWithoutSaving" time="2.753"/>
  <testcase classname="g2_group.odoo.CreationandConfigurationproject" name="TC_WF1_10_SuccessfulProjectArchivingExecution" time="5.767"/>
  <testcase classname="g2_group.odoo.CreationandConfigurationproject" name="TC_WF1_11_VerifyArchivedRecordUnderSystemFilters" time="0.001"/>
  <testcase classname="g2_group.odoo.CreationandConfigurationproject" name="TC_WF1_12_SuccessfulProjectUnarchivingRestoration" time="0.002"/>
  <testcase classname="g2_group.odoo.CreationandConfigurationproject" name="TC_WF1_13_ProjectCleanupAndDeletionProcessing" time="0.0"/>
</testsuite> <!-- ProjectCreationAndConfiguration -->
