<?xml version="1.0" encoding="UTF-8"?>
<!-- Generated by org.testng.reporters.JUnitXMLReporter -->
<testsuite ignored="0" hostname="DESKTOP-FDIEA3C" failures="2" tests="10" name="ProjectTask" time="55.036" errors="0" timestamp="2026-06-01T20:23:52 EEST">
  <testcase classname="g2_group.odoo.ProjectTaskTest" name="CreateTask1" time="6.588"/>
  <testcase classname="g2_group.odoo.ProjectTaskTest" name="CreateTask2" time="5.519"/>
  <testcase classname="g2_group.odoo.ProjectTaskTest" name="CreateTask3" time="9.658"/>
  <testcase classname="g2_group.odoo.ProjectTaskTest" name="CreateTask4" time="1.261">
    <failure type="java.lang.AssertionError" message="expected [true] but found [false]">
      <![CDATA[java.lang.AssertionError: expected [true] but found [false]
at g2_group.odoo.ProjectTaskTest.CreateTask4(ProjectTaskTest.java:98)
at java.base/java.util.ArrayList.forEach(ArrayList.java:1596)
... Removed 29 stack frames]]>
    </failure>
  </testcase> <!-- CreateTask4 -->
  <testcase classname="g2_group.odoo.ProjectTaskTest" name="CreateTask5" time="4.275"/>
  <testcase classname="g2_group.odoo.ProjectTaskTest" name="CreateTaskWithWhitespaceTitle" time="1.21">
    <failure type="java.lang.AssertionError" message="expected [true] but found [false]">
      <![CDATA[java.lang.AssertionError: expected [true] but found [false]
at g2_group.odoo.ProjectTaskTest.CreateTaskWithWhitespaceTitle(ProjectTaskTest.java:125)
at java.base/java.util.ArrayList.forEach(ArrayList.java:1596)
... Removed 29 stack frames]]>
    </failure>
  </testcase> <!-- CreateTaskWithWhitespaceTitle -->
  <testcase classname="g2_group.odoo.ProjectTaskTest" name="CreateTask7" time="4.241"/>
  <testcase classname="g2_group.odoo.ProjectTaskTest" name="CreateTask8" time="5.311"/>
  <testcase classname="g2_group.odoo.ProjectTaskTest" name="CreateTask9" time="5.382"/>
  <testcase classname="g2_group.odoo.ProjectTaskTest" name="CreateTask10" time="4.023"/>
</testsuite> <!-- ProjectTask -->
