<?xml version="1.0" encoding="UTF-8"?>
<!-- Generated by org.testng.reporters.JUnitXMLReporter -->
<testsuite ignored="0" hostname="DESKTOP-FDIEA3C" failures="0" tests="9" name="WorkflowLogin" time="98.345" errors="0" timestamp="2026-06-01T23:57:16 EEST">
  <testcase classname="g2_group.odoo.Workflow_LoginTest" name="TC_LG_01_SuccessfulLogin" time="3.917"/>
  <testcase classname="g2_group.odoo.Workflow_LoginTest" name="TC_LG_02_LoginWithInvalidPassword" time="10.672"/>
  <testcase classname="g2_group.odoo.Workflow_LoginTest" name="TC_LG_03_LoginWithInvalidUsername" time="10.921"/>
  <testcase classname="g2_group.odoo.Workflow_LoginTest" name="TC_LG_04_LoginWithBlankFields" time="10.652"/>
  <testcase classname="g2_group.odoo.Workflow_LoginTest" name="TC_LG_05_LoginWithBlankPasswordOnly" time="10.426"/>
  <testcase classname="g2_group.odoo.Workflow_LoginTest" name="TC_LG_06_LoginWithCaseSensitivePassword" time="11.396"/>
  <testcase classname="g2_group.odoo.Workflow_LoginTest" name="TC_LG_07_LoginWithExtraWhitespaceInUsername" time="10.974"/>
  <testcase classname="g2_group.odoo.Workflow_LoginTest" name="TC_LG_08_LoginWithSQLInjectionPayload" time="10.988"/>
  <testcase classname="g2_group.odoo.Workflow_LoginTest" name="TC_LG_09_LoginWithMaximumCharacterBoundary" time="11.159"/>
</testsuite> <!-- WorkflowLogin -->
