<?xml version="1.0" encoding="UTF-8"?>
<!-- Generated by org.testng.reporters.JUnitXMLReporter -->
<testsuite ignored="8" hostname="DESKTOP-FA3VUR6" failures="0" tests="1" name="Default test" time="9.557" errors="0" timestamp="٢٠٢٦-٠٦-٠١T١١:٥٥:٢٦ IDT">
  <testcase classname="g2_group.odoo.Workflow_LoginTest" name="TC_LG_08_LoginWithSQLInjectionPayload" time="4.791"/>
  <testcase classname="g2_group.odoo.Workflow_LoginTest" name="TC_LG_02_LoginWithInvalidPassword" time="0.0">
    <ignored/>
  </testcase> <!-- TC_LG_02_LoginWithInvalidPassword -->
  <testcase classname="g2_group.odoo.Workflow_LoginTest" name="TC_LG_04_LoginWithBlankFields" time="0.0">
    <ignored/>
  </testcase> <!-- TC_LG_04_LoginWithBlankFields -->
  <testcase classname="g2_group.odoo.Workflow_LoginTest" name="TC_LG_09_LoginWithMaximumCharacterBoundary" time="0.0">
    <ignored/>
  </testcase> <!-- TC_LG_09_LoginWithMaximumCharacterBoundary -->
  <testcase classname="g2_group.odoo.Workflow_LoginTest" name="TC_LG_03_LoginWithInvalidUsername" time="0.0">
    <ignored/>
  </testcase> <!-- TC_LG_03_LoginWithInvalidUsername -->
  <testcase classname="g2_group.odoo.Workflow_LoginTest" name="TC_LG_05_LoginWithBlankPasswordOnly" time="0.0">
    <ignored/>
  </testcase> <!-- TC_LG_05_LoginWithBlankPasswordOnly -->
  <testcase classname="g2_group.odoo.Workflow_LoginTest" name="TC_LG_06_LoginWithCaseSensitivePassword" time="0.0">
    <ignored/>
  </testcase> <!-- TC_LG_06_LoginWithCaseSensitivePassword -->
  <testcase classname="g2_group.odoo.Workflow_LoginTest" name="TC_LG_01_SuccessfulLogin" time="0.0">
    <ignored/>
  </testcase> <!-- TC_LG_01_SuccessfulLogin -->
  <testcase classname="g2_group.odoo.Workflow_LoginTest" name="TC_LG_07_LoginWithExtraWhitespaceInUsername" time="0.0">
    <ignored/>
  </testcase> <!-- TC_LG_07_LoginWithExtraWhitespaceInUsername -->
</testsuite> <!-- Default test -->
