<?xml version="1.0" encoding="UTF-8"?>
<testng-results ignored="10" total="20" passed="8" failed="2" skipped="0">
  <reporter-output>
  </reporter-output>
  <suite started-at="2026-06-02T00:37:43 IDT" name="Default suite" finished-at="2026-06-02T00:38:54 IDT" duration-ms="70973">
    <groups>
    </groups>
    <test started-at="2026-06-02T00:37:43 IDT" name="Default test" finished-at="2026-06-02T00:38:54 IDT" duration-ms="70973">
      <class name="g2_group.odoo.ProjectTaskTest">
        <test-method is-config="true" signature="setUp()[pri:0, instance:g2_group.odoo.ProjectTaskTest@2de23121]" started-at="2026-06-02T00:37:43 IDT" name="setUp" finished-at="2026-06-02T00:37:46 IDT" duration-ms="3227" status="PASS">
          <reporter-output>
          </reporter-output>
        </test-method> <!-- setUp -->
        <test-method is-config="true" signature="startClean()[pri:0, instance:g2_group.odoo.ProjectTaskTest@2de23121]" started-at="2026-06-02T00:37:46 IDT" name="startClean" finished-at="2026-06-02T00:37:56 IDT" duration-ms="9665" status="PASS">
          <reporter-output>
          </reporter-output>
        </test-method> <!-- startClean -->
        <test-method signature="executeTaskTests(java.lang.String,java.lang.String,java.util.List,java.lang.String,java.lang.String)[pri:0, instance:g2_group.odoo.ProjectTaskTest@2de23121]" started-at="2026-06-02T00:37:56 IDT" name="executeTaskTests" data-provider="taskDataProvider" finished-at="2026-06-02T00:38:04 IDT" duration-ms="8282" status="PASS">
          <params>
            <param index="0">
              <value>
                <![CDATA[1]]>
              </value>
            </param>
            <param index="1">
              <value>
                <![CDATA[All Positive]]>
              </value>
            </param>
            <param index="2">
              <value>
                <![CDATA[[Fadi Abuaita]]]>
              </value>
            </param>
            <param index="3">
              <value>
                <![CDATA[07/25/2026]]>
              </value>
            </param>
            <param index="4">
              <value>
                <![CDATA[NORMAL]]>
              </value>
            </param>
          </params>
          <reporter-output>
          </reporter-output>
        </test-method> <!-- executeTaskTests -->
        <test-method signature="executeTaskTests(java.lang.String,java.lang.String,java.util.List,java.lang.String,java.lang.String)[pri:0, instance:g2_group.odoo.ProjectTaskTest@2de23121]" started-at="2026-06-02T00:38:04 IDT" name="executeTaskTests" data-provider="taskDataProvider" finished-at="2026-06-02T00:38:10 IDT" duration-ms="5901" status="PASS">
          <params>
            <param index="0">
              <value>
                <![CDATA[2]]>
              </value>
            </param>
            <param index="1">
              <value>
                <![CDATA[Urgent]]>
              </value>
            </param>
            <param index="2">
              <value>
                <![CDATA[[Fadi Abuaita]]]>
              </value>
            </param>
            <param index="3">
              <value>
                <![CDATA[06/02/2026]]>
              </value>
            </param>
            <param index="4">
              <value>
                <![CDATA[NORMAL]]>
              </value>
            </param>
          </params>
          <reporter-output>
          </reporter-output>
        </test-method> <!-- executeTaskTests -->
        <test-method signature="executeTaskTests(java.lang.String,java.lang.String,java.util.List,java.lang.String,java.lang.String)[pri:0, instance:g2_group.odoo.ProjectTaskTest@2de23121]" started-at="2026-06-02T00:38:10 IDT" name="executeTaskTests" data-provider="taskDataProvider" finished-at="2026-06-02T00:38:20 IDT" duration-ms="10173" status="PASS">
          <params>
            <param index="0">
              <value>
                <![CDATA[3]]>
              </value>
            </param>
            <param index="1">
              <value>
                <![CDATA[Multiple Assignee]]>
              </value>
            </param>
            <param index="2">
              <value>
                <![CDATA[[Fadi Abuaita, Abdulhakeem Sakhel, Bashar Abuhwila]]]>
              </value>
            </param>
            <param index="3">
              <value>
                <![CDATA[05/30/2026]]>
              </value>
            </param>
            <param index="4">
              <value>
                <![CDATA[NORMAL]]>
              </value>
            </param>
          </params>
          <reporter-output>
          </reporter-output>
        </test-method> <!-- executeTaskTests -->
        <test-method signature="executeTaskTests(java.lang.String,java.lang.String,java.util.List,java.lang.String,java.lang.String)[pri:0, instance:g2_group.odoo.ProjectTaskTest@2de23121]" started-at="2026-06-02T00:38:20 IDT" name="executeTaskTests" data-provider="taskDataProvider" finished-at="2026-06-02T00:38:21 IDT" duration-ms="1294" status="FAIL">
          <params>
            <param index="0">
              <value>
                <![CDATA[4]]>
              </value>
            </param>
            <param index="1">
              <value>
                <![CDATA[Empty fields]]>
              </value>
            </param>
            <param index="2">
              <value>
                <![CDATA[[]]]>
              </value>
            </param>
            <param index="3">
              <value>
                <![CDATA[]]>
              </value>
            </param>
            <param index="4">
              <value>
                <![CDATA[EXPECT_FAILURE]]>
              </value>
            </param>
          </params>
          <exception class="java.lang.AssertionError">
            <message>
              <![CDATA[Error message mismatch in scenario 4! expected [true] but found [false]]]>
            </message>
            <full-stacktrace>
              <![CDATA[java.lang.AssertionError: Error message mismatch in scenario 4! expected [true] but found [false]
at org.testng.Assert.fail(Assert.java:111)
at org.testng.Assert.failNotEquals(Assert.java:1590)
at org.testng.Assert.assertTrue(Assert.java:57)
at g2_group.odoo.ProjectTaskTest.executeTaskTests(ProjectTaskTest.java:89)
at java.base/jdk.internal.reflect.DirectMethodHandleAccessor.invoke(DirectMethodHandleAccessor.java:103)
at java.base/java.lang.reflect.Method.invoke(Method.java:580)
at org.testng.internal.invokers.MethodInvocationHelper.invokeMethod(MethodInvocationHelper.java:141)
at org.testng.internal.invokers.TestInvoker.invokeMethod(TestInvoker.java:687)
at org.testng.internal.invokers.TestInvoker.invokeTestMethod(TestInvoker.java:230)
at org.testng.internal.invokers.MethodRunner.runInSequence(MethodRunner.java:63)
at org.testng.internal.invokers.TestInvoker$MethodInvocationAgent.invoke(TestInvoker.java:995)
at org.testng.internal.invokers.TestInvoker.invokeTestMethods(TestInvoker.java:203)
at org.testng.internal.invokers.TestMethodWorker.invokeTestMethods(TestMethodWorker.java:154)
at org.testng.internal.invokers.TestMethodWorker.run(TestMethodWorker.java:134)
at java.base/java.util.ArrayList.forEach(ArrayList.java:1596)
at org.testng.TestRunner.privateRun(TestRunner.java:741)
at org.testng.TestRunner.run(TestRunner.java:616)
at org.testng.SuiteRunner.runTest(SuiteRunner.java:421)
at org.testng.SuiteRunner.runSequentially(SuiteRunner.java:413)
at org.testng.SuiteRunner.privateRun(SuiteRunner.java:373)
at org.testng.SuiteRunner.run(SuiteRunner.java:312)
at org.testng.SuiteRunnerWorker.runSuite(SuiteRunnerWorker.java:52)
at org.testng.SuiteRunnerWorker.run(SuiteRunnerWorker.java:95)
at org.testng.TestNG.runSuitesSequentially(TestNG.java:1274)
at org.testng.TestNG.runSuitesLocally(TestNG.java:1208)
at org.testng.TestNG.runSuites(TestNG.java:1112)
at org.testng.TestNG.run(TestNG.java:1079)
at org.testng.remote.AbstractRemoteTestNG.run(AbstractRemoteTestNG.java:115)
at org.testng.remote.RemoteTestNG.initAndRun(RemoteTestNG.java:293)
at org.testng.remote.RemoteTestNG.main(RemoteTestNG.java:91)
]]>
            </full-stacktrace>
          </exception> <!-- java.lang.AssertionError -->
          <reporter-output>
          </reporter-output>
        </test-method> <!-- executeTaskTests -->
        <test-method signature="executeTaskTests(java.lang.String,java.lang.String,java.util.List,java.lang.String,java.lang.String)[pri:0, instance:g2_group.odoo.ProjectTaskTest@2de23121]" started-at="2026-06-02T00:38:21 IDT" name="executeTaskTests" data-provider="taskDataProvider" finished-at="2026-06-02T00:38:26 IDT" duration-ms="4368" status="PASS">
          <params>
            <param index="0">
              <value>
                <![CDATA[5]]>
              </value>
            </param>
            <param index="1">
              <value>
                <![CDATA[in the Past]]>
              </value>
            </param>
            <param index="2">
              <value>
                <![CDATA[[Fadi Abuaita]]]>
              </value>
            </param>
            <param index="3">
              <value>
                <![CDATA[02/25/2026]]>
              </value>
            </param>
            <param index="4">
              <value>
                <![CDATA[NORMAL]]>
              </value>
            </param>
          </params>
          <reporter-output>
          </reporter-output>
        </test-method> <!-- executeTaskTests -->
        <test-method signature="executeTaskTests(java.lang.String,java.lang.String,java.util.List,java.lang.String,java.lang.String)[pri:0, instance:g2_group.odoo.ProjectTaskTest@2de23121]" started-at="2026-06-02T00:38:26 IDT" name="executeTaskTests" data-provider="taskDataProvider" finished-at="2026-06-02T00:38:27 IDT" duration-ms="1667" status="PASS">
          <params>
            <param index="0">
              <value>
                <![CDATA[6]]>
              </value>
            </param>
            <param index="1">
              <value>
                <![CDATA[     ]]>
              </value>
            </param>
            <param index="2">
              <value>
                <![CDATA[[]]]>
              </value>
            </param>
            <param index="3">
              <value>
                <![CDATA[]]>
              </value>
            </param>
            <param index="4">
              <value>
                <![CDATA[EXPECT_INVALID_TITLE]]>
              </value>
            </param>
          </params>
          <reporter-output>
          </reporter-output>
        </test-method> <!-- executeTaskTests -->
        <test-method signature="executeTaskTests(java.lang.String,java.lang.String,java.util.List,java.lang.String,java.lang.String)[pri:0, instance:g2_group.odoo.ProjectTaskTest@2de23121]" started-at="2026-06-02T00:38:27 IDT" name="executeTaskTests" data-provider="taskDataProvider" finished-at="2026-06-02T00:38:33 IDT" duration-ms="5968" status="PASS">
          <params>
            <param index="0">
              <value>
                <![CDATA[7]]>
              </value>
            </param>
            <param index="1">
              <value>
                <![CDATA[!@#$%^&**]]>
              </value>
            </param>
            <param index="2">
              <value>
                <![CDATA[[Fadi Abuaita]]]>
              </value>
            </param>
            <param index="3">
              <value>
                <![CDATA[07/25/2026]]>
              </value>
            </param>
            <param index="4">
              <value>
                <![CDATA[NORMAL]]>
              </value>
            </param>
          </params>
          <reporter-output>
          </reporter-output>
        </test-method> <!-- executeTaskTests -->
        <test-method signature="executeTaskTests(java.lang.String,java.lang.String,java.util.List,java.lang.String,java.lang.String)[pri:0, instance:g2_group.odoo.ProjectTaskTest@2de23121]" started-at="2026-06-02T00:38:33 IDT" name="executeTaskTests" data-provider="taskDataProvider" finished-at="2026-06-02T00:38:45 IDT" duration-ms="11634" status="FAIL">
          <params>
            <param index="0">
              <value>
                <![CDATA[8]]>
              </value>
            </param>
            <param index="1">
              <value>
                <![CDATA[InvalidDate]]>
              </value>
            </param>
            <param index="2">
              <value>
                <![CDATA[[Fadi Abuaita]]]>
              </value>
            </param>
            <param index="3">
              <value>
                <![CDATA[99/99/9999]]>
              </value>
            </param>
            <param index="4">
              <value>
                <![CDATA[NORMAL]]>
              </value>
            </param>
          </params>
          <exception class="org.openqa.selenium.TimeoutException">
            <message>
              <![CDATA[Expected condition failed: waiting for visibility of element located by By.xpath: //span[contains(text(), 'InvalidDate')] (tried for 10 second(s) with 500 milliseconds interval)
Build info: version: '4.39.0', revision: '126f156aee'
System info: os.name: 'Windows 10', os.arch: 'amd64', os.version: '10.0', java.version: '21.0.10'
Driver info: org.openqa.selenium.chrome.ChromeDriver
Capabilities {acceptInsecureCerts: false, browserName: chrome, browserVersion: 148.0.7778.179, chrome: {chromedriverVersion: 148.0.7778.178 (d096af1c9e9..., userDataDir: C:\Users\Mega\AppData\Local...}, fedcm:accounts: true, goog:chromeOptions: {debuggerAddress: localhost:59498}, goog:processID: 3148, networkConnectionEnabled: false, pageLoadStrategy: normal, platformName: windows, proxy: Proxy(), se:cdp: ws://localhost:59498/devtoo..., se:cdpVersion: 148.0.7778.179, setWindowRect: true, strictFileInteractability: false, timeouts: {implicit: 0, pageLoad: 300000, script: 30000}, unhandledPromptBehavior: dismiss and notify, webauthn:extension:credBlob: true, webauthn:extension:largeBlob: true, webauthn:extension:minPinLength: true, webauthn:extension:prf: true, webauthn:virtualAuthenticators: true}
Session ID: a26f65fd8f7c534837053ad1efb5376b]]>
            </message>
            <full-stacktrace>
              <![CDATA[org.openqa.selenium.TimeoutException: Expected condition failed: waiting for visibility of element located by By.xpath: //span[contains(text(), 'InvalidDate')] (tried for 10 second(s) with 500 milliseconds interval)
Build info: version: '4.39.0', revision: '126f156aee'
System info: os.name: 'Windows 10', os.arch: 'amd64', os.version: '10.0', java.version: '21.0.10'
Driver info: org.openqa.selenium.chrome.ChromeDriver
Capabilities {acceptInsecureCerts: false, browserName: chrome, browserVersion: 148.0.7778.179, chrome: {chromedriverVersion: 148.0.7778.178 (d096af1c9e9..., userDataDir: C:\Users\Mega\AppData\Local...}, fedcm:accounts: true, goog:chromeOptions: {debuggerAddress: localhost:59498}, goog:processID: 3148, networkConnectionEnabled: false, pageLoadStrategy: normal, platformName: windows, proxy: Proxy(), se:cdp: ws://localhost:59498/devtoo..., se:cdpVersion: 148.0.7778.179, setWindowRect: true, strictFileInteractability: false, timeouts: {implicit: 0, pageLoad: 300000, script: 30000}, unhandledPromptBehavior: dismiss and notify, webauthn:extension:credBlob: true, webauthn:extension:largeBlob: true, webauthn:extension:minPinLength: true, webauthn:extension:prf: true, webauthn:virtualAuthenticators: true}
Session ID: a26f65fd8f7c534837053ad1efb5376b
at org.openqa.selenium.support.ui.WebDriverWait.timeoutException(WebDriverWait.java:84)
at org.openqa.selenium.support.ui.FluentWait.until(FluentWait.java:228)
at g2_group.odoo.ProjectTaskPage.createTask(ProjectTaskPage.java:69)
at g2_group.odoo.ProjectTaskTest.executeTaskTests(ProjectTaskTest.java:83)
at java.base/jdk.internal.reflect.DirectMethodHandleAccessor.invoke(DirectMethodHandleAccessor.java:103)
at java.base/java.lang.reflect.Method.invoke(Method.java:580)
at org.testng.internal.invokers.MethodInvocationHelper.invokeMethod(MethodInvocationHelper.java:141)
at org.testng.internal.invokers.TestInvoker.invokeMethod(TestInvoker.java:687)
at org.testng.internal.invokers.TestInvoker.invokeTestMethod(TestInvoker.java:230)
at org.testng.internal.invokers.MethodRunner.runInSequence(MethodRunner.java:63)
at org.testng.internal.invokers.TestInvoker$MethodInvocationAgent.invoke(TestInvoker.java:995)
at org.testng.internal.invokers.TestInvoker.invokeTestMethods(TestInvoker.java:203)
at org.testng.internal.invokers.TestMethodWorker.invokeTestMethods(TestMethodWorker.java:154)
at org.testng.internal.invokers.TestMethodWorker.run(TestMethodWorker.java:134)
at java.base/java.util.ArrayList.forEach(ArrayList.java:1596)
at org.testng.TestRunner.privateRun(TestRunner.java:741)
at org.testng.TestRunner.run(TestRunner.java:616)
at org.testng.SuiteRunner.runTest(SuiteRunner.java:421)
at org.testng.SuiteRunner.runSequentially(SuiteRunner.java:413)
at org.testng.SuiteRunner.privateRun(SuiteRunner.java:373)
at org.testng.SuiteRunner.run(SuiteRunner.java:312)
at org.testng.SuiteRunnerWorker.runSuite(SuiteRunnerWorker.java:52)
at org.testng.SuiteRunnerWorker.run(SuiteRunnerWorker.java:95)
at org.testng.TestNG.runSuitesSequentially(TestNG.java:1274)
at org.testng.TestNG.runSuitesLocally(TestNG.java:1208)
at org.testng.TestNG.runSuites(TestNG.java:1112)
at org.testng.TestNG.run(TestNG.java:1079)
at org.testng.remote.AbstractRemoteTestNG.run(AbstractRemoteTestNG.java:115)
at org.testng.remote.RemoteTestNG.initAndRun(RemoteTestNG.java:293)
at org.testng.remote.RemoteTestNG.main(RemoteTestNG.java:91)
]]>
            </full-stacktrace>
          </exception> <!-- org.openqa.selenium.TimeoutException -->
          <reporter-output>
          </reporter-output>
        </test-method> <!-- executeTaskTests -->
        <test-method signature="executeTaskTests(java.lang.String,java.lang.String,java.util.List,java.lang.String,java.lang.String)[pri:0, instance:g2_group.odoo.ProjectTaskTest@2de23121]" started-at="2026-06-02T00:38:45 IDT" name="executeTaskTests" data-provider="taskDataProvider" finished-at="2026-06-02T00:38:49 IDT" duration-ms="4379" status="PASS">
          <params>
            <param index="0">
              <value>
                <![CDATA[9]]>
              </value>
            </param>
            <param index="1">
              <value>
                <![CDATA[Far FutureD]]>
              </value>
            </param>
            <param index="2">
              <value>
                <![CDATA[[Fadi Abuaita]]]>
              </value>
            </param>
            <param index="3">
              <value>
                <![CDATA[03/20/2036]]>
              </value>
            </param>
            <param index="4">
              <value>
                <![CDATA[NORMAL]]>
              </value>
            </param>
          </params>
          <reporter-output>
          </reporter-output>
        </test-method> <!-- executeTaskTests -->
        <test-method signature="executeTaskTests(java.lang.String,java.lang.String,java.util.List,java.lang.String,java.lang.String)[pri:0, instance:g2_group.odoo.ProjectTaskTest@2de23121]" started-at="2026-06-02T00:38:49 IDT" name="executeTaskTests" data-provider="taskDataProvider" finished-at="2026-06-02T00:38:54 IDT" duration-ms="4230" status="PASS">
          <params>
            <param index="0">
              <value>
                <![CDATA[10]]>
              </value>
            </param>
            <param index="1">
              <value>
                <![CDATA[Minimal]]>
              </value>
            </param>
            <param index="2">
              <value>
                <![CDATA[[]]]>
              </value>
            </param>
            <param index="3">
              <value>
                <![CDATA[]]>
              </value>
            </param>
            <param index="4">
              <value>
                <![CDATA[TITLE_ONLY]]>
              </value>
            </param>
          </params>
          <reporter-output>
          </reporter-output>
        </test-method> <!-- executeTaskTests -->
        <test-method is-config="true" signature="tearDown()[pri:0, instance:g2_group.odoo.ProjectTaskTest@2de23121]" started-at="2026-06-02T00:38:54 IDT" name="tearDown" finished-at="2026-06-02T00:38:54 IDT" duration-ms="137" status="PASS">
          <reporter-output>
          </reporter-output>
        </test-method> <!-- tearDown -->
      </class> <!-- g2_group.odoo.ProjectTaskTest -->
    </test> <!-- Default test -->
  </suite> <!-- Default suite -->
</testng-results>
