<?xml version="1.0" encoding="UTF-8"?>
<!-- Generated by org.testng.reporters.JUnitReportReporter -->
<testsuite hostname="DESKTOP-FDIEA3C" failures="0" tests="13" name="g2_group.odoo.CreationandConfigurationproject" time="167.399" errors="0" timestamp="2026-06-01T23:58:15 EEST" skipped="0">
  <testcase classname="g2_group.odoo.CreationandConfigurationproject" name="TC_WF1_01_ProjectCreationWithDynamicName" time="14.396"/>
  <testcase classname="g2_group.odoo.CreationandConfigurationproject" name="TC_WF1_02_ProjectCreationWithBlankNameField" time="14.944"/>
  <testcase classname="g2_group.odoo.CreationandConfigurationproject" name="TC_WF1_03_ProjectCreationWithMaximumCharacterLimit" time="14.518"/>
  <testcase classname="g2_group.odoo.CreationandConfigurationproject" name="TC_WF1_04_ProjectCreationWithSpecialCharactersAndSymbols" time="14.121"/>
  <testcase classname="g2_group.odoo.CreationandConfigurationproject" name="TC_WF1_05_ModifyProjectPrivacyToInvitedUsers" time="14.301"/>
  <testcase classname="g2_group.odoo.CreationandConfigurationproject" name="TC_WF1_06_ChangeAssignedProjectManager" time="15.103"/>
  <testcase classname="g2_group.odoo.CreationandConfigurationproject" name="TC_WF1_07_EnableTaskDependenciesFeatureInSettings" time="14.321"/>
  <testcase classname="g2_group.odoo.CreationandConfigurationproject" name="TC_WF1_08_AddClassificationTagsDuringConfiguration" time="14.117"/>
  <testcase classname="g2_group.odoo.CreationandConfigurationproject" name="TC_WF1_09_DiscardConfigurationChangesWithoutSaving" time="11.174"/>
  <testcase classname="g2_group.odoo.CreationandConfigurationproject" name="TC_WF1_10_SuccessfulProjectArchivingExecution" time="14.065"/>
  <testcase classname="g2_group.odoo.CreationandConfigurationproject" name="TC_WF1_11_VerifyArchivedRecordUnderSystemFilters" time="8.541"/>
  <testcase classname="g2_group.odoo.CreationandConfigurationproject" name="TC_WF1_12_SuccessfulProjectUnarchivingRestoration" time="8.642"/>
  <testcase classname="g2_group.odoo.CreationandConfigurationproject" name="TC_WF1_13_ProjectCleanupAndDeletionProcessing" time="9.156"/>
</testsuite> <!-- g2_group.odoo.CreationandConfigurationproject -->
