<?xml version="1.0" encoding="UTF-8"?>
<!-- Generated by org.testng.reporters.JUnitReportReporter -->
<testsuite hostname="DESKTOP-FDIEA3C" failures="0" tests="13" name="g2_group.odoo.WF4Test" time="64.616" errors="0" timestamp="2026-05-31T22:32:04 EEST" skipped="0">
  <testcase classname="g2_group.odoo.WF4Test" name="SearchingGroupingFiltering" time="3.154"/>
  <testcase classname="g2_group.odoo.WF4Test" name="searchingForTask" time="1.747"/>
  <testcase classname="g2_group.odoo.WF4Test" name="multipleFilters" time="2.780"/>
  <testcase classname="g2_group.odoo.WF4Test" name="multipleSearchTerms" time="1.504"/>
  <testcase classname="g2_group.odoo.WF4Test" name="multipleGrouping" time="4.275"/>
  <testcase classname="g2_group.odoo.WF4Test" name="saveSearchFave" time="4.078"/>
  <testcase classname="g2_group.odoo.WF4Test" name="searchingRandomLetter" time="2.438"/>
  <testcase classname="g2_group.odoo.WF4Test" name="filteringItemThatDoesNotExist" time="3.036"/>
  <testcase classname="g2_group.odoo.WF4Test" name="groupingEmptyResult" time="1.702"/>
  <testcase classname="g2_group.odoo.WF4Test" name="searchCaseInsensitive" time="2.200"/>
  <testcase classname="g2_group.odoo.WF4Test" name="handleExtraSpace" time="1.772"/>
  <testcase classname="g2_group.odoo.WF4Test" name="longSearchTaskName" time="23.897"/>
  <testcase classname="g2_group.odoo.WF4Test" name="simpleScriptInjection" time="12.033"/>
</testsuite> <!-- g2_group.odoo.WF4Test -->
