<?xml version="1.0" encoding="UTF-8"?>
<!-- Generated by org.testng.reporters.JUnitReportReporter -->
<testsuite hostname="DESKTOP-FDIEA3C" failures="0" tests="13" name="g2_group.odoo.AllTasksPageTest" time="48.056" errors="0" timestamp="2026-06-01T20:26:33 EEST" skipped="0">
  <testcase classname="g2_group.odoo.AllTasksPageTest" name="SearchingGroupingFiltering" time="3.035"/>
  <testcase classname="g2_group.odoo.AllTasksPageTest" name="searchingForTask" time="1.543"/>
  <testcase classname="g2_group.odoo.AllTasksPageTest" name="multipleFilters" time="1.748"/>
  <testcase classname="g2_group.odoo.AllTasksPageTest" name="multipleSearchTerms" time="1.623"/>
  <testcase classname="g2_group.odoo.AllTasksPageTest" name="multipleGrouping" time="3.241"/>
  <testcase classname="g2_group.odoo.AllTasksPageTest" name="saveSearchFave" time="3.031"/>
  <testcase classname="g2_group.odoo.AllTasksPageTest" name="searchingRandomLetter" time="1.527"/>
  <testcase classname="g2_group.odoo.AllTasksPageTest" name="filteringItemThatDoesNotExist" time="1.762"/>
  <testcase classname="g2_group.odoo.AllTasksPageTest" name="groupingEmptyResult" time="1.763"/>
  <testcase classname="g2_group.odoo.AllTasksPageTest" name="searchCaseInsensitive" time="1.534"/>
  <testcase classname="g2_group.odoo.AllTasksPageTest" name="handleExtraSpace" time="1.560"/>
  <testcase classname="g2_group.odoo.AllTasksPageTest" name="longSearchTaskName" time="13.873"/>
  <testcase classname="g2_group.odoo.AllTasksPageTest" name="simpleScriptInjection" time="11.816"/>
</testsuite> <!-- g2_group.odoo.AllTasksPageTest -->
