<?xml version="1.0" encoding="UTF-8"?>
<!-- Generated by org.testng.reporters.JUnitReportReporter -->
<testsuite hostname="DESKTOP-FDIEA3C" failures="0" tests="9" name="g2_group.odoo.Workflow_LoginTest" time="102.240" errors="0" timestamp="2026-06-01T20:26:33 EEST" skipped="0">
  <testcase classname="g2_group.odoo.Workflow_LoginTest" name="TC_LG_01_SuccessfulLogin" time="11.802"/>
  <testcase classname="g2_group.odoo.Workflow_LoginTest" name="TC_LG_02_LoginWithInvalidPassword" time="11.619"/>
  <testcase classname="g2_group.odoo.Workflow_LoginTest" name="TC_LG_03_LoginWithInvalidUsername" time="11.370"/>
  <testcase classname="g2_group.odoo.Workflow_LoginTest" name="TC_LG_04_LoginWithBlankFields" time="10.650"/>
  <testcase classname="g2_group.odoo.Workflow_LoginTest" name="TC_LG_05_LoginWithBlankPasswordOnly" time="10.952"/>
  <testcase classname="g2_group.odoo.Workflow_LoginTest" name="TC_LG_06_LoginWithCaseSensitivePassword" time="11.311"/>
  <testcase classname="g2_group.odoo.Workflow_LoginTest" name="TC_LG_07_LoginWithExtraWhitespaceInUsername" time="11.542"/>
  <testcase classname="g2_group.odoo.Workflow_LoginTest" name="TC_LG_08_LoginWithSQLInjectionPayload" time="11.486"/>
  <testcase classname="g2_group.odoo.Workflow_LoginTest" name="TC_LG_09_LoginWithMaximumCharacterBoundary" time="11.508"/>
</testsuite> <!-- g2_group.odoo.Workflow_LoginTest -->
