<?xml version="1.0" encoding="UTF-8"?>
<!-- Generated by org.testng.reporters.JUnitReportReporter -->
<testsuite hostname="DESKTOP-FDIEA3C" failures="0" tests="13" name="g2_group.odoo.CreationandConfigurationproject" time="166.834" errors="0" timestamp="2026-06-01T20:26:33 EEST" skipped="0">
  <testcase classname="g2_group.odoo.CreationandConfigurationproject" name="TC_WF1_01_ProjectCreationWithDynamicName" time="14.177"/>
  <testcase classname="g2_group.odoo.CreationandConfigurationproject" name="TC_WF1_02_ProjectCreationWithBlankNameField" time="14.307"/>
  <testcase classname="g2_group.odoo.CreationandConfigurationproject" name="TC_WF1_03_ProjectCreationWithMaximumCharacterLimit" time="14.437"/>
  <testcase classname="g2_group.odoo.CreationandConfigurationproject" name="TC_WF1_04_ProjectCreationWithSpecialCharactersAndSymbols" time="14.433"/>
  <testcase classname="g2_group.odoo.CreationandConfigurationproject" name="TC_WF1_05_ModifyProjectPrivacyToInvitedUsers" time="14.136"/>
  <testcase classname="g2_group.odoo.CreationandConfigurationproject" name="TC_WF1_06_ChangeAssignedProjectManager" time="14.210"/>
  <testcase classname="g2_group.odoo.CreationandConfigurationproject" name="TC_WF1_07_EnableTaskDependenciesFeatureInSettings" time="15.519"/>
  <testcase classname="g2_group.odoo.CreationandConfigurationproject" name="TC_WF1_08_AddClassificationTagsDuringConfiguration" time="14.087"/>
  <testcase classname="g2_group.odoo.CreationandConfigurationproject" name="TC_WF1_09_DiscardConfigurationChangesWithoutSaving" time="11.233"/>
  <testcase classname="g2_group.odoo.CreationandConfigurationproject" name="TC_WF1_10_SuccessfulProjectArchivingExecution" time="14.415"/>
  <testcase classname="g2_group.odoo.CreationandConfigurationproject" name="TC_WF1_11_VerifyArchivedRecordUnderSystemFilters" time="8.105"/>
  <testcase classname="g2_group.odoo.CreationandConfigurationproject" name="TC_WF1_12_SuccessfulProjectUnarchivingRestoration" time="8.151"/>
  <testcase classname="g2_group.odoo.CreationandConfigurationproject" name="TC_WF1_13_ProjectCleanupAndDeletionProcessing" time="9.624"/>
</testsuite> <!-- g2_group.odoo.CreationandConfigurationproject -->
