<?xml version="1.0" encoding="UTF-8"?>
<!-- Generated by org.testng.reporters.JUnitReportReporter -->
<testsuite hostname="DESKTOP-FDIEA3C" failures="0" tests="13" name="g2_group.odoo.AllTasksPageTest" time="50.745" errors="0" timestamp="2026-06-01T23:58:15 EEST" skipped="0">
  <testcase classname="g2_group.odoo.AllTasksPageTest" name="SearchingGroupingFiltering" time="2.733"/>
  <testcase classname="g2_group.odoo.AllTasksPageTest" name="searchingForTask" time="1.835"/>
  <testcase classname="g2_group.odoo.AllTasksPageTest" name="multipleFilters" time="2.008"/>
  <testcase classname="g2_group.odoo.AllTasksPageTest" name="multipleSearchTerms" time="1.709"/>
  <testcase classname="g2_group.odoo.AllTasksPageTest" name="multipleGrouping" time="3.554"/>
  <testcase classname="g2_group.odoo.AllTasksPageTest" name="saveSearchFave" time="2.853"/>
  <testcase classname="g2_group.odoo.AllTasksPageTest" name="searchingRandomLetter" time="1.579"/>
  <testcase classname="g2_group.odoo.AllTasksPageTest" name="filteringItemThatDoesNotExist" time="2.601"/>
  <testcase classname="g2_group.odoo.AllTasksPageTest" name="groupingEmptyResult" time="1.899"/>
  <testcase classname="g2_group.odoo.AllTasksPageTest" name="searchCaseInsensitive" time="1.584"/>
  <testcase classname="g2_group.odoo.AllTasksPageTest" name="handleExtraSpace" time="1.850"/>
  <testcase classname="g2_group.odoo.AllTasksPageTest" name="longSearchTaskName" time="14.686"/>
  <testcase classname="g2_group.odoo.AllTasksPageTest" name="simpleScriptInjection" time="11.854"/>
</testsuite> <!-- g2_group.odoo.AllTasksPageTest -->
