<?xml version="1.0" encoding="UTF-8"?>
<!-- Generated by org.testng.reporters.JUnitReportReporter -->
<testsuite hostname="DESKTOP-FA3VUR6" failures="0" tests="15" name="g2_group.odoo.Workflow1_ProjectTest" time="٥٠.٥٩٩" errors="1" timestamp="٢٠٢٦-٠٥-٣٠T٢٣:٣١:١٤ IDT" skipped="13">
  <testcase classname="g2_group.odoo.Workflow1_ProjectTest" name="setUp" time="٤٣.٨٢٥">
    <error message="Expected condition failed: waiting for url to contain &quot;/odoo&quot;. Current url: &quot;&quot; (tried for ١٥ second(s) with ٥٠٠ milliseconds interval)" type="org.openqa.selenium.TimeoutException">
      <![CDATA[org.openqa.selenium.TimeoutException: Expected condition failed: waiting for url to contain "/odoo". Current url: "" (tried for ١٥ second(s) with ٥٠٠ milliseconds interval)
at org.openqa.selenium.support.ui.WebDriverWait.timeoutException(WebDriverWait.java:84)
at org.openqa.selenium.support.ui.FluentWait.until(FluentWait.java:228)
at g2_group.odoo.ProjectPage.login(ProjectPage.java:35)
at g2_group.odoo.Workflow1_ProjectTest.setUp(Workflow1_ProjectTest.java:26)
at java.base/jdk.internal.reflect.DirectMethodHandleAccessor.invoke(DirectMethodHandleAccessor.java:103)
at java.base/java.lang.reflect.Method.invoke(Method.java:580)
at org.testng.internal.invokers.MethodInvocationHelper.invokeMethod(MethodInvocationHelper.java:141)
at org.testng.internal.invokers.MethodInvocationHelper.invokeMethodConsideringTimeout(MethodInvocationHelper.java:71)
at org.testng.internal.invokers.ConfigInvoker.invokeConfigurationMethod(ConfigInvoker.java:400)
at org.testng.internal.invokers.ConfigInvoker.invokeConfigurations(ConfigInvoker.java:333)
at org.testng.internal.invokers.TestInvoker.runConfigMethods(TestInvoker.java:836)
at org.testng.internal.invokers.TestInvoker.invokeMethod(TestInvoker.java:601)
at org.testng.internal.invokers.TestInvoker.invokeTestMethod(TestInvoker.java:230)
at org.testng.internal.invokers.MethodRunner.runInSequence(MethodRunner.java:63)
at org.testng.internal.invokers.TestInvoker$MethodInvocationAgent.invoke(TestInvoker.java:995)
at org.testng.internal.invokers.TestInvoker.invokeTestMethods(TestInvoker.java:203)
at org.testng.internal.invokers.TestMethodWorker.invokeTestMethods(TestMethodWorker.java:154)
at org.testng.internal.invokers.TestMethodWorker.run(TestMethodWorker.java:134)
at java.base/java.util.ArrayList.forEach(ArrayList.java:1596)
at org.testng.TestRunner.privateRun(TestRunner.java:741)
at org.testng.TestRunner.run(TestRunner.java:616)
at org.testng.SuiteRunner.runTest(SuiteRunner.java:421)
at org.testng.SuiteRunner.runSequentially(SuiteRunner.java:413)
at org.testng.SuiteRunner.privateRun(SuiteRunner.java:373)
at org.testng.SuiteRunner.run(SuiteRunner.java:312)
at org.testng.SuiteRunnerWorker.runSuite(SuiteRunnerWorker.java:52)
at org.testng.SuiteRunnerWorker.run(SuiteRunnerWorker.java:95)
at org.testng.TestNG.runSuitesSequentially(TestNG.java:1274)
at org.testng.TestNG.runSuitesLocally(TestNG.java:1208)
at org.testng.TestNG.runSuites(TestNG.java:1112)
at org.testng.TestNG.run(TestNG.java:1079)
at org.testng.remote.AbstractRemoteTestNG.run(AbstractRemoteTestNG.java:115)
at org.testng.remote.RemoteTestNG.initAndRun(RemoteTestNG.java:293)
at org.testng.remote.RemoteTestNG.main(RemoteTestNG.java:91)
Caused by: org.openqa.selenium.NoSuchWindowException: no such window: target window already closed
from unknown error: web view not found
  (Session info: chrome=148.0.7778.179)
Build info: version: '4.39.0', revision: '126f156aee'
System info: os.name: 'Windows 10', os.arch: 'amd64', os.version: '10.0', java.version: '21.0.9'
Driver info: org.openqa.selenium.chrome.ChromeDriver
Command: [e91018b18efce65be99220a76123caff, getCurrentUrl {}]
Capabilities {acceptInsecureCerts: false, browserName: chrome, browserVersion: 148.0.7778.179, chrome: {chromedriverVersion: 148.0.7778.178 (d096af1c9e9..., userDataDir: C:\Users\XPRISTO\AppData\Lo...}, fedcm:accounts: true, goog:chromeOptions: {debuggerAddress: localhost:62101}, goog:processID: 4072, networkConnectionEnabled: false, pageLoadStrategy: normal, platformName: windows, proxy: Proxy(), se:cdp: ws://localhost:62101/devtoo..., se:cdpVersion: 148.0.7778.179, setWindowRect: true, strictFileInteractability: false, timeouts: {implicit: 0, pageLoad: 300000, script: 30000}, unhandledPromptBehavior: dismiss and notify, webauthn:extension:credBlob: true, webauthn:extension:largeBlob: true, webauthn:extension:minPinLength: true, webauthn:extension:prf: true, webauthn:virtualAuthenticators: true}
Session ID: e91018b18efce65be99220a76123caff
at java.base/jdk.internal.reflect.DirectConstructorHandleAccessor.newInstance(DirectConstructorHandleAccessor.java:62)
at java.base/java.lang.reflect.Constructor.newInstanceWithCaller(Constructor.java:502)
at java.base/java.lang.reflect.Constructor.newInstance(Constructor.java:486)
at org.openqa.selenium.remote.ErrorCodec.decode(ErrorCodec.java:167)
at org.openqa.selenium.remote.codec.w3c.W3CHttpResponseCodec.decode(W3CHttpResponseCodec.java:142)
at org.openqa.selenium.remote.codec.w3c.W3CHttpResponseCodec.decode(W3CHttpResponseCodec.java:49)
at org.openqa.selenium.remote.HttpCommandExecutor.execute(HttpCommandExecutor.java:215)
at org.openqa.selenium.remote.service.DriverCommandExecutor.invokeExecute(DriverCommandExecutor.java:216)
at org.openqa.selenium.remote.service.DriverCommandExecutor.execute(DriverCommandExecutor.java:174)
at org.openqa.selenium.remote.RemoteWebDriver.execute(RemoteWebDriver.java:561)
at org.openqa.selenium.remote.RemoteWebDriver.execute(RemoteWebDriver.java:638)
at org.openqa.selenium.remote.RemoteWebDriver.execute(RemoteWebDriver.java:642)
at org.openqa.selenium.remote.RemoteWebDriver.getCurrentUrl(RemoteWebDriver.java:341)
at org.openqa.selenium.support.ui.ExpectedConditions$4.apply(ExpectedConditions.java:127)
at org.openqa.selenium.support.ui.ExpectedConditions$4.apply(ExpectedConditions.java:122)
at org.openqa.selenium.support.ui.FluentWait.until(FluentWait.java:203)
... 32 more
]]>
    </error>
  </testcase> <!-- setUp -->
  <testcase classname="g2_group.odoo.Workflow1_ProjectTest" name="TC_WF1_01_ProjectCreationWithDynamicName" time="٦.٧٧٣"/>
  <testcase classname="g2_group.odoo.Workflow1_ProjectTest" name="TC_WF1_02_ProjectCreationWithBlankNameField" time="٠.٠٠٠">
    <skipped/>
  </testcase> <!-- TC_WF1_02_ProjectCreationWithBlankNameField -->
  <testcase classname="g2_group.odoo.Workflow1_ProjectTest" name="TC_WF1_03_ProjectCreationWithMaximumCharacterLimit" time="٠.٠٠١">
    <skipped/>
  </testcase> <!-- TC_WF1_03_ProjectCreationWithMaximumCharacterLimit -->
  <testcase classname="g2_group.odoo.Workflow1_ProjectTest" name="TC_WF1_04_ProjectCreationWithSpecialCharactersAndSymbols" time="٠.٠٠٠">
    <skipped/>
  </testcase> <!-- TC_WF1_04_ProjectCreationWithSpecialCharactersAndSymbols -->
  <testcase classname="g2_group.odoo.Workflow1_ProjectTest" name="TC_WF1_05_ModifyProjectPrivacyToInvitedUsers" time="٠.٠٠٠">
    <skipped/>
  </testcase> <!-- TC_WF1_05_ModifyProjectPrivacyToInvitedUsers -->
  <testcase classname="g2_group.odoo.Workflow1_ProjectTest" name="TC_WF1_06_ChangeAssignedProjectManager" time="٠.٠٠٠">
    <skipped/>
  </testcase> <!-- TC_WF1_06_ChangeAssignedProjectManager -->
  <testcase classname="g2_group.odoo.Workflow1_ProjectTest" name="TC_WF1_07_EnableTaskDependenciesFeatureInSettings" time="٠.٠٠٠">
    <skipped/>
  </testcase> <!-- TC_WF1_07_EnableTaskDependenciesFeatureInSettings -->
  <testcase classname="g2_group.odoo.Workflow1_ProjectTest" name="TC_WF1_08_AddClassificationTagsDuringConfiguration" time="٠.٠٠٠">
    <skipped/>
  </testcase> <!-- TC_WF1_08_AddClassificationTagsDuringConfiguration -->
  <testcase classname="g2_group.odoo.Workflow1_ProjectTest" name="TC_WF1_09_DiscardConfigurationChangesWithoutSaving" time="٠.٠٠٠">
    <skipped/>
  </testcase> <!-- TC_WF1_09_DiscardConfigurationChangesWithoutSaving -->
  <testcase classname="g2_group.odoo.Workflow1_ProjectTest" name="TC_WF1_10_SuccessfulProjectArchivingExecution" time="٠.٠٠٠">
    <skipped/>
  </testcase> <!-- TC_WF1_10_SuccessfulProjectArchivingExecution -->
  <testcase classname="g2_group.odoo.Workflow1_ProjectTest" name="TC_WF1_11_VerifyArchivedRecordUnderSystemFilters" time="٠.٠٠٠">
    <skipped/>
  </testcase> <!-- TC_WF1_11_VerifyArchivedRecordUnderSystemFilters -->
  <testcase classname="g2_group.odoo.Workflow1_ProjectTest" name="TC_WF1_12_SuccessfulProjectUnarchivingRestoration" time="٠.٠٠٠">
    <skipped/>
  </testcase> <!-- TC_WF1_12_SuccessfulProjectUnarchivingRestoration -->
  <testcase classname="g2_group.odoo.Workflow1_ProjectTest" name="TC_WF1_13_ConcurrentProjectCreationStability" time="٠.٠٠٠">
    <skipped/>
  </testcase> <!-- TC_WF1_13_ConcurrentProjectCreationStability -->
  <testcase classname="g2_group.odoo.Workflow1_ProjectTest" name="TC_WF1_14_ProjectCleanupAndDeletionProcessing" time="٠.٠٠٠">
    <skipped/>
  </testcase> <!-- TC_WF1_14_ProjectCleanupAndDeletionProcessing -->
</testsuite> <!-- g2_group.odoo.Workflow1_ProjectTest -->
