<?xml version="1.0" encoding="UTF-8"?>
<!-- Generated by org.testng.reporters.JUnitReportReporter -->
<testsuite hostname="DESKTOP-FA3VUR6" failures="0" tests="13" name="g2_group.odoo.CreationandConfigurationproject" time="٢٥٢.٤٠٤" errors="0" timestamp="٢٠٢٦-٠٦-٠١T١١:٣٦:٣٩ IDT" skipped="0">
  <testcase classname="g2_group.odoo.CreationandConfigurationproject" name="TC_WF1_01_ProjectCreationWithDynamicName" time="١٨.٥٧٢"/>
  <testcase classname="g2_group.odoo.CreationandConfigurationproject" name="TC_WF1_02_ProjectCreationWithBlankNameField" time="١٩.٤٨٨"/>
  <testcase classname="g2_group.odoo.CreationandConfigurationproject" name="TC_WF1_03_ProjectCreationWithMaximumCharacterLimit" time="٢٠.٨٥٨"/>
  <testcase classname="g2_group.odoo.CreationandConfigurationproject" name="TC_WF1_04_ProjectCreationWithSpecialCharactersAndSymbols" time="١٨.٩٣١"/>
  <testcase classname="g2_group.odoo.CreationandConfigurationproject" name="TC_WF1_05_ModifyProjectPrivacyToInvitedUsers" time="١٩.٤١٨"/>
  <testcase classname="g2_group.odoo.CreationandConfigurationproject" name="TC_WF1_06_ChangeAssignedProjectManager" time="٢٠.٦٦٣"/>
  <testcase classname="g2_group.odoo.CreationandConfigurationproject" name="TC_WF1_07_EnableTaskDependenciesFeatureInSettings" time="٢١.٨٧٤"/>
  <testcase classname="g2_group.odoo.CreationandConfigurationproject" name="TC_WF1_08_AddClassificationTagsDuringConfiguration" time="٣٩.٦٨٢"/>
  <testcase classname="g2_group.odoo.CreationandConfigurationproject" name="TC_WF1_09_DiscardConfigurationChangesWithoutSaving" time="١٦.٤٥٩"/>
  <testcase classname="g2_group.odoo.CreationandConfigurationproject" name="TC_WF1_10_SuccessfulProjectArchivingExecution" time="١٨.١٦٤"/>
  <testcase classname="g2_group.odoo.CreationandConfigurationproject" name="TC_WF1_11_VerifyArchivedRecordUnderSystemFilters" time="١٣.٢٢١"/>
  <testcase classname="g2_group.odoo.CreationandConfigurationproject" name="TC_WF1_12_SuccessfulProjectUnarchivingRestoration" time="١٢.٧٤٤"/>
  <testcase classname="g2_group.odoo.CreationandConfigurationproject" name="TC_WF1_13_ProjectCleanupAndDeletionProcessing" time="١٢.٣٣٠"/>
</testsuite> <!-- g2_group.odoo.CreationandConfigurationproject -->
